<?xml version="1.0" encoding="UTF-8"?>
<!-- Generated by org.testng.reporters.JUnitXMLReporter -->
<testsuite ignored="0" hostname="DESKTOP-UMQHIUK" failures="0" tests="3" name="Test123" time="0.122" errors="0" timestamp="2023-09-30T23:14:08 IST">
  <testcase classname="com.prac.testng.GroupsAndDepends" name="Method1" time="0.016"/>
  <testcase classname="com.prac.testng.GroupsAndDepends" name="Method2" time="0.003"/>
  <testcase classname="com.prac.testng.GroupsAndDepends" name="Method3" time="0.003"/>
</testsuite> <!-- Test123 -->
